c:\estudos\fifteengame\fifteengame\x64\debug\fifteengame.pch
c:\estudos\fifteengame\fifteengame\x64\debug\vc143.pdb
c:\estudos\fifteengame\fifteengame\x64\debug\vc143.idb
c:\estudos\fifteengame\fifteengame\x64\debug\pch.obj
c:\estudos\fifteengame\fifteengame\x64\debug\fifteengamedlg.obj
c:\estudos\fifteengame\fifteengame\x64\debug\fifteengame.obj
c:\estudos\fifteengame\fifteengame\x64\debug\fifteengame.res
c:\estudos\fifteengame\fifteengame\x64\debug\fifteengame.ilk
c:\estudos\fifteengame\x64\debug\fifteengame.pdb
c:\estudos\fifteengame\fifteengame\x64\debug\fifteengame.tlog\cl.command.1.tlog
c:\estudos\fifteengame\fifteengame\x64\debug\fifteengame.tlog\cl.items.tlog
c:\estudos\fifteengame\fifteengame\x64\debug\fifteengame.tlog\cl.read.1.tlog
c:\estudos\fifteengame\fifteengame\x64\debug\fifteengame.tlog\cl.write.1.tlog
c:\estudos\fifteengame\fifteengame\x64\debug\fifteengame.tlog\link-cvtres.read.1.tlog
c:\estudos\fifteengame\fifteengame\x64\debug\fifteengame.tlog\link-cvtres.write.1.tlog
c:\estudos\fifteengame\fifteengame\x64\debug\fifteengame.tlog\link-mt.read.1.tlog
c:\estudos\fifteengame\fifteengame\x64\debug\fifteengame.tlog\link-mt.write.1.tlog
c:\estudos\fifteengame\fifteengame\x64\debug\fifteengame.tlog\link-rc.read.1.tlog
c:\estudos\fifteengame\fifteengame\x64\debug\fifteengame.tlog\link-rc.write.1.tlog
c:\estudos\fifteengame\fifteengame\x64\debug\fifteengame.tlog\link.14208-cvtres.read.1.tlog
c:\estudos\fifteengame\fifteengame\x64\debug\fifteengame.tlog\link.14208-cvtres.write.1.tlog
c:\estudos\fifteengame\fifteengame\x64\debug\fifteengame.tlog\link.14208-mt.read.1.tlog
c:\estudos\fifteengame\fifteengame\x64\debug\fifteengame.tlog\link.14208-mt.write.1.tlog
c:\estudos\fifteengame\fifteengame\x64\debug\fifteengame.tlog\link.14208-rc.read.1.tlog
c:\estudos\fifteengame\fifteengame\x64\debug\fifteengame.tlog\link.14208-rc.write.1.tlog
c:\estudos\fifteengame\fifteengame\x64\debug\fifteengame.tlog\link.14208.read.1.tlog
c:\estudos\fifteengame\fifteengame\x64\debug\fifteengame.tlog\link.14208.read.3.tlog
c:\estudos\fifteengame\fifteengame\x64\debug\fifteengame.tlog\link.14208.write.1.tlog
c:\estudos\fifteengame\fifteengame\x64\debug\fifteengame.tlog\link.command.1.tlog
c:\estudos\fifteengame\fifteengame\x64\debug\fifteengame.tlog\link.read.1.tlog
c:\estudos\fifteengame\fifteengame\x64\debug\fifteengame.tlog\link.secondary.1.tlog
c:\estudos\fifteengame\fifteengame\x64\debug\fifteengame.tlog\link.write.1.tlog
c:\estudos\fifteengame\fifteengame\x64\debug\fifteengame.tlog\rc.command.1.tlog
c:\estudos\fifteengame\fifteengame\x64\debug\fifteengame.tlog\rc.read.1.tlog
c:\estudos\fifteengame\fifteengame\x64\debug\fifteengame.tlog\rc.write.1.tlog
